Android/proguard/seeds.txt
twitter4j.auth.AuthorizationConfiguration
twitter4j.auth.AuthorizationConfiguration: java.lang.String getUser()
twitter4j.auth.AuthorizationConfiguration: java.lang.String getPassword()
twitter4j.auth.AuthorizationConfiguration: java.lang.String getOAuthConsumerKey()
twitter4j.auth.AuthorizationConfiguration: java.lang.String getOAuthConsumerSecret()
twitter4j.auth.AuthorizationConfiguration: java.lang.String getOAuthAccessToken()
twitter4j.auth.AuthorizationConfiguration: java.lang.String getOAuthAccessTokenSecret()
twitter4j.auth.AuthorizationConfiguration: java.lang.String getOAuth2TokenType()
twitter4j.auth.AuthorizationConfiguration: java.lang.String getOAuth2AccessToken()
twitter4j.auth.AuthorizationFactory
twitter4j.auth.AuthorizationFactory: AuthorizationFactory()
twitter4j.auth.AuthorizationFactory: twitter4j.auth.Authorization getInstance(twitter4j.conf.Configuration)
twitter4j.auth.BasicAuthorization
twitter4j.auth.BasicAuthorization: java.lang.String userId
twitter4j.auth.BasicAuthorization: java.lang.String password
twitter4j.auth.BasicAuthorization: java.lang.String basic
twitter4j.auth.BasicAuthorization: long serialVersionUID
twitter4j.auth.BasicAuthorization: BasicAuthorization(java.lang.String,java.lang.String)
twitter4j.auth.BasicAuthorization: java.lang.String getUserId()
twitter4j.auth.BasicAuthorization: java.lang.String getPassword()
twitter4j.auth.BasicAuthorization: java.lang.String encodeBasicAuthenticationString()
twitter4j.auth.BasicAuthorization: java.lang.String getAuthorizationHeader(twitter4j.internal.http.HttpRequest)
twitter4j.auth.BasicAuthorization: boolean isEnabled()
twitter4j.auth.BasicAuthorization: boolean equals(java.lang.Object)
twitter4j.auth.BasicAuthorization: int hashCode()
twitter4j.auth.BasicAuthorization: java.lang.String toString()
twitter4j.auth.NullAuthorization
twitter4j.auth.NullAuthorization: twitter4j.auth.NullAuthorization SINGLETON
twitter4j.auth.NullAuthorization: long serialVersionUID
twitter4j.auth.NullAuthorization: NullAuthorization()
twitter4j.auth.NullAuthorization: twitter4j.auth.NullAuthorization getInstance()
twitter4j.auth.NullAuthorization: java.lang.String getAuthorizationHeader(twitter4j.internal.http.HttpRequest)
twitter4j.auth.NullAuthorization: boolean isEnabled()
twitter4j.auth.NullAuthorization: boolean equals(java.lang.Object)
twitter4j.auth.NullAuthorization: java.lang.String toString()
twitter4j.auth.NullAuthorization: java.lang.Object readResolve()
twitter4j.auth.NullAuthorization: void <clinit>()
twitter4j.auth.OAuth2Authorization
twitter4j.auth.OAuth2Authorization: long serialVersionUID
twitter4j.auth.OAuth2Authorization: twitter4j.conf.Configuration conf
twitter4j.auth.OAuth2Authorization: twitter4j.internal.http.HttpClientWrapper http
twitter4j.auth.OAuth2Authorization: java.lang.String consumerKey
twitter4j.auth.OAuth2Authorization: java.lang.String consumerSecret
twitter4j.auth.OAuth2Authorization: twitter4j.auth.OAuth2Token token
twitter4j.auth.OAuth2Authorization: OAuth2Authorization(twitter4j.conf.Configuration)
twitter4j.auth.OAuth2Authorization: void setOAuthConsumer(java.lang.String,java.lang.String)
twitter4j.auth.OAuth2Authorization: twitter4j.auth.OAuth2Token getOAuth2Token()
twitter4j.auth.OAuth2Authorization: void setOAuth2Token(twitter4j.auth.OAuth2Token)
twitter4j.auth.OAuth2Authorization: void invalidateOAuth2Token()
twitter4j.auth.OAuth2Authorization: java.lang.String getAuthorizationHeader(twitter4j.internal.http.HttpRequest)
twitter4j.auth.OAuth2Authorization: boolean isEnabled()
twitter4j.auth.OAuth2Authorization: boolean equals(java.lang.Object)
twitter4j.auth.OAuth2Authorization: int hashCode()
twitter4j.auth.OAuth2Authorization: java.lang.String toString()