Android/proguard/mapping.txt
org.jsoup.select.Evaluator$AttributeWithValueNot -> a.a.d.p:
    boolean matches(org.jsoup.nodes.Element,org.jsoup.nodes.Element) -> a
    java.lang.String toString() -> toString
org.jsoup.select.Evaluator$AttributeWithValueStarting -> a.a.d.q:
    boolean matches(org.jsoup.nodes.Element,org.jsoup.nodes.Element) -> a
    java.lang.String toString() -> toString
org.jsoup.select.Evaluator$Class -> a.a.d.r:
    java.lang.String className -> a
    boolean matches(org.jsoup.nodes.Element,org.jsoup.nodes.Element) -> a
    java.lang.String toString() -> toString
org.jsoup.select.Evaluator$ContainsOwnText -> a.a.d.s:
    java.lang.String searchText -> a
    boolean matches(org.jsoup.nodes.Element,org.jsoup.nodes.Element) -> a
    java.lang.String toString() -> toString
org.jsoup.select.Evaluator$ContainsText -> a.a.d.t:
    java.lang.String searchText -> a
    boolean matches(org.jsoup.nodes.Element,org.jsoup.nodes.Element) -> a
    java.lang.String toString() -> toString
org.jsoup.select.Evaluator$Id -> a.a.d.u:
    java.lang.String id -> a
    boolean matches(org.jsoup.nodes.Element,org.jsoup.nodes.Element) -> a
    java.lang.String toString() -> toString
org.jsoup.select.Evaluator$IndexEquals -> a.a.d.v:
    boolean matches(org.jsoup.nodes.Element,org.jsoup.nodes.Element) -> a
    java.lang.String toString() -> toString
org.jsoup.select.Evaluator$IndexEvaluator -> a.a.d.w:
    int index -> a
org.jsoup.select.Evaluator$IndexGreaterThan -> a.a.d.x:
    boolean matches(org.jsoup.nodes.Element,org.jsoup.nodes.Element) -> a
    java.lang.String toString() -> toString
org.jsoup.select.Evaluator$IndexLessThan -> a.a.d.y:
    boolean matches(org.jsoup.nodes.Element,org.jsoup.nodes.Element) -> a
    java.lang.String toString() -> toString
org.jsoup.select.Evaluator$Matches -> a.a.d.z:
    java.util.regex.Pattern pattern -> a
    boolean matches(org.jsoup.nodes.Element,org.jsoup.nodes.Element) -> a
    java.lang.String toString() -> toString
org.jsoup.select.Evaluator$MatchesOwn -> a.a.d.aa:
    java.util.regex.Pattern pattern -> a
    boolean matches(org.jsoup.nodes.Element,org.jsoup.nodes.Element) -> a
    java.lang.String toString() -> toString
org.jsoup.select.Evaluator$Tag -> a.a.d.ab:
    java.lang.String tagName -> a
    boolean matches(org.jsoup.nodes.Element,org.jsoup.nodes.Element) -> a
    java.lang.String toString() -> toString
org.jsoup.select.NodeTraversor -> a.a.d.ac:
    org.jsoup.select.NodeVisitor visitor -> a
    void traverse(org.jsoup.nodes.Node) -> a
org.jsoup.select.NodeVisitor -> a.a.d.ad:
    void head(org.jsoup.nodes.Node,int) -> a
    void tail(org.jsoup.nodes.Node,int) -> b
org.jsoup.select.QueryParser -> a.a.d.ae:
    java.lang.String[] combinators -> a
    org.jsoup.parser.TokenQueue tq -> b
    java.lang.String query -> c
    java.util.List evals -> d
    org.jsoup.select.Evaluator parse(java.lang.String) -> a
    void combinator(char) -> a
    void findElements() -> a
    int consumeIndex() -> b
    void contains(boolean) -> a
    void matches(boolean) -> b
org.jsoup.select.Selector -> a.a.d.af:
    org.jsoup.select.Evaluator evaluator -> a
    org.jsoup.nodes.Element root -> b
    org.jsoup.select.Elements select(java.lang.String,org.jsoup.nodes.Element) -> a
org.jsoup.select.Selector$SelectorParseException -> a.a.d.ag:
org.jsoup.select.StructuralEvaluator -> a.a.d.ah:
    org.jsoup.select.Evaluator evaluator -> a
org.jsoup.select.StructuralEvaluator$Has -> a.a.d.ai:
    boolean matches(org.jsoup.nodes.Element,org.jsoup.nodes.Element) -> a
    java.lang.String toString() -> toString
org.jsoup.select.StructuralEvaluator$ImmediateParent -> a.a.d.aj:
    boolean matches(org.jsoup.nodes.Element,org.jsoup.nodes.Element) -> a
org.jsoup.select.StructuralEvaluator$ImmediatePreviousSibling -> a.a.d.ak:
    boolean matches(org.jsoup.nodes.Element,org.jsoup.nodes.Element) -> a
    java.lang.String toString() -> toString